<?xml version="1.0" encoding="UTF-8"?>
<!-- Generated by org.testng.reporters.JUnitXMLReporter -->
<testsuite ignored="0" hostname="LAPTOP-7E9GFJ90" failures="1" tests="2" name="Test" time="84.779" errors="0" timestamp="2023-04-04T14:50:05 IST">
  <testcase classname="Test_Login.test_1" name="TC_300" time="14.721"/>
  <testcase classname="Test_Login.test_1" name="TC_301" time="13.916">
    <failure type="java.lang.AssertionError" message="expected [true] but found [false]">
      <![CDATA[java.lang.AssertionError: expected [true] but found [false]
at Test_Login.test_1.TC_301(test_1.java:48)
at java.base/java.util.ArrayList.forEach(ArrayList.java:1511)
... Removed 31 stack frames]]>
    </failure>
  </testcase> <!-- TC_301 -->
</testsuite> <!-- Test -->
